<?xml version="1.0" encoding="UTF-8"?>
<!-- Generated by org.testng.reporters.JUnitReportReporter -->
<testsuite hostname="RAMANAIDU" failures="0" tests="3" name="testng.FirstTestCase" time="7.455" errors="0" timestamp="2025-06-10T01:37:17 IST" skipped="0">
  <testcase classname="testng.FirstTestCase" name="openapp" time="0.002"/>
  <testcase classname="testng.FirstTestCase" name="login" time="0.018"/>
  <testcase classname="testng.FirstTestCase" name="logout" time="7.435"/>
</testsuite> <!-- testng.FirstTestCase -->
