<?xml version="1.0" encoding="UTF-8"?>
<!-- Generated by org.testng.reporters.JUnitReportReporter -->
<testsuite hostname="RAMANAIDU" failures="0" tests="1" name="testng.CrossBrowserTest" time="1.873" errors="0" timestamp="2025-06-13T23:49:31 IST" skipped="0">
  <testcase classname="testng.CrossBrowserTest" name="testGoogleSearch" time="1.873"/>
</testsuite> <!-- testng.CrossBrowserTest -->
